<?xml version="1.0" encoding="UTF-8"?>
<testng-results ignored="0" total="3" passed="3" failed="0" skipped="0">
  <reporter-output>
  </reporter-output>
  <suite started-at="2023-09-08T16:47:09 IST" name="Suite" finished-at="2023-09-08T16:47:54 IST" duration-ms="44811">
    <groups>
    </groups>
    <test started-at="2023-09-08T16:47:09 IST" name="Test" finished-at="2023-09-08T16:47:54 IST" duration-ms="44811">
      <class name="demo.Ajio">
        <test-method signature="aJio()[pri:0, instance:demo.Ajio@48f278eb]" started-at="2023-09-08T16:47:38 IST" name="aJio" finished-at="2023-09-08T16:47:54 IST" duration-ms="16304" status="PASS">
          <reporter-output>
          </reporter-output>
        </test-method> <!-- aJio -->
      </class> <!-- demo.Ajio -->
      <class name="demo.Flipkart">
        <test-method signature="flipkartTest()[pri:0, instance:demo.Flipkart@1da2cb77]" started-at="2023-09-08T16:47:27 IST" name="flipkartTest" finished-at="2023-09-08T16:47:37 IST" duration-ms="10898" status="PASS">
          <reporter-output>
          </reporter-output>
        </test-method> <!-- flipkartTest -->
      </class> <!-- demo.Flipkart -->
      <class name="demo.Amezon">
        <test-method signature="amezonTest()[pri:0, instance:demo.Amezon@5fbdfdcf]" started-at="2023-09-08T16:47:09 IST" name="amezonTest" finished-at="2023-09-08T16:47:27 IST" duration-ms="17524" status="PASS">
          <reporter-output>
          </reporter-output>
        </test-method> <!-- amezonTest -->
      </class> <!-- demo.Amezon -->
    </test> <!-- Test -->
  </suite> <!-- Suite -->
</testng-results>
